[debug] [2017-06-17T19:45:48.851Z] ----------------------------------------------------------------------
[debug] [2017-06-17T19:45:48.853Z] Command:      /usr/local/bin/node /usr/local/bin/firebase serve
[debug] [2017-06-17T19:45:48.853Z] CLI Version:  3.9.1
[debug] [2017-06-17T19:45:48.853Z] Platform:     darwin
[debug] [2017-06-17T19:45:48.854Z] Node Version: v8.0.0
[debug] [2017-06-17T19:45:48.854Z] Time:         Sat Jun 17 2017 15:45:48 GMT-0400 (EDT)
[debug] [2017-06-17T19:45:48.854Z] ----------------------------------------------------------------------
[debug] 
[debug] [2017-06-17T19:45:48.872Z] > command requires scopes: ["email","openid","https://www.googleapis.com/auth/cloudplatformprojects.readonly","https://www.googleapis.com/auth/firebase","https://www.googleapis.com/auth/cloud-platform"]
[debug] [2017-06-17T19:45:48.872Z] > authorizing via signed-in user
[debug] [2017-06-17T19:45:48.874Z] > refreshing access token with scopes: ["email","https://www.googleapis.com/auth/cloud-platform","https://www.googleapis.com/auth/cloudplatformprojects.readonly","https://www.googleapis.com/auth/firebase","openid"]
[debug] [2017-06-17T19:45:48.874Z] >>> HTTP REQUEST POST https://www.googleapis.com/oauth2/v3/token { refresh_token: '1/2ZNr32q8bE4enq9vuj5e_F_3M0EUv8ngttawivREaww',
  client_id: '563584335869-fgrhgmd47bqnekij5i8b5pr03ho849e6.apps.googleusercontent.com',
  client_secret: 'j9iVZfS8kkCEFUPaAeJV0sAi',
  grant_type: 'refresh_token',
  scope: 'email https://www.googleapis.com/auth/cloud-platform https://www.googleapis.com/auth/cloudplatformprojects.readonly https://www.googleapis.com/auth/firebase openid' } 
 Sat Jun 17 2017 15:45:48 GMT-0400 (EDT)
[debug] [2017-06-17T19:45:49.286Z] <<< HTTP RESPONSE 200
[debug] [2017-06-17T19:45:49.354Z] >>> HTTP REQUEST GET https://admin.firebase.com/v1/projects/web-dev-hosting  
 Sat Jun 17 2017 15:45:49 GMT-0400 (EDT)
[debug] [2017-06-17T19:45:50.204Z] <<< HTTP RESPONSE 200
[debug] [2017-06-17T19:45:50.205Z] >>> HTTP REQUEST GET https://admin.firebase.com/v1/database/web-dev-hosting/tokens  
 Sat Jun 17 2017 15:45:50 GMT-0400 (EDT)
[debug] [2017-06-17T19:45:50.713Z] <<< HTTP RESPONSE 200
[info] 
[info] === Serving from '/Users/Siddhant/Desktop/firebase-test'...
[info] 
[debug] [2017-06-17T19:45:50.716Z] >>> HTTP REQUEST GET https://cloudresourcemanager.googleapis.com/v1/projects/web-dev-hosting  
 Sat Jun 17 2017 15:45:50 GMT-0400 (EDT)
[debug] [2017-06-17T19:45:51.089Z] <<< HTTP RESPONSE 200
[debug] [2017-06-17T19:45:51.089Z] >>> HTTP REQUEST GET https://mobilesdk-pa.googleapis.com/v1/projects/295248901437/clients/_:getWebAppConfig  
 Sat Jun 17 2017 15:45:51 GMT-0400 (EDT)
[debug] [2017-06-17T19:45:51.632Z] <<< HTTP RESPONSE 200
[debug] [2017-06-17T19:45:51.662Z] TypeError: Cannot read property 'public' of undefined
[error] 
[error] Error: An unexpected error has occurred.
